TN:
SF:/home/akinwunmi/friendchain/friendchain-smartContract/contracts/contracts/FriendToken.sol
FN:25,constructor
FN:34,mint
FN:44,decimals
FNF:3
FNH:3
FNDA:36,constructor
FNDA:3,mint
FNDA:37,decimals
DA:27,36
DA:28,36
DA:35,3
DA:36,1
DA:38,2
DA:39,2
DA:45,37
LF:7
LH:7
BRDA:34,1,0,3
BRDA:34,1,1,1
BRDA:35,2,0,1
BRDA:35,2,1,2
BRF:4
BRH:4
end_of_record
TN:
SF:/home/akinwunmi/friendchain/friendchain-smartContract/contracts/contracts/GameFactory.sol
FN:68,constructor
FN:78,getGameInstances
FN:83,getGameDetails
FN:91,authorizeCreator
FN:100,revokeCreator
FN:109,createGameInstance
FN:175,updateTokenContract
FNF:7
FNH:7
FNDA:26,constructor
FNDA:4,getGameInstances
FNDA:3,getGameDetails
FNDA:16,authorizeCreator
FNDA:2,revokeCreator
FNDA:12,createGameInstance
FNDA:2,updateTokenContract
DA:69,26
DA:70,1
DA:72,25
DA:73,25
DA:74,25
DA:79,4
DA:84,3
DA:85,1
DA:87,2
DA:92,16
DA:93,1
DA:95,15
DA:96,15
DA:101,2
DA:102,1
DA:104,1
DA:105,1
DA:115,12
DA:116,1
DA:118,11
DA:119,2
DA:121,9
DA:122,2
DA:124,7
DA:125,1
DA:128,6
DA:129,6
DA:131,6
DA:132,6
DA:142,6
DA:144,0
DA:147,6
DA:148,6
DA:150,6
DA:160,6
DA:171,6
DA:176,2
DA:177,1
DA:179,1
DA:180,1
DA:181,1
LF:41
LH:40
BRDA:69,1,0,1
BRDA:69,1,1,25
BRDA:84,2,0,1
BRDA:84,2,1,2
BRDA:91,3,0,16
BRDA:91,3,1,1
BRDA:92,4,0,1
BRDA:92,4,1,15
BRDA:100,5,0,2
BRDA:100,5,1,1
BRDA:101,6,0,1
BRDA:101,6,1,1
BRDA:115,7,0,1
BRDA:115,7,1,11
BRDA:118,8,0,2
BRDA:118,8,1,9
BRDA:118,9,0,1
BRDA:118,9,1,1
BRDA:121,10,0,2
BRDA:121,10,1,7
BRDA:121,11,0,1
BRDA:121,11,1,1
BRDA:124,12,0,1
BRDA:124,12,1,6
BRDA:175,13,0,2
BRDA:175,13,1,1
BRDA:176,14,0,1
BRDA:176,14,1,1
BRF:28
BRH:28
end_of_record
TN:
SF:/home/akinwunmi/friendchain/friendchain-smartContract/contracts/contracts/GameInstance.sol
FN:14,constructor
FNF:1
FNH:1
FNDA:6,constructor
DA:24,6
DA:25,6
DA:26,6
DA:27,6
DA:28,6
DA:29,6
DA:30,6
DA:31,6
LF:8
LH:8
BRF:0
BRH:0
end_of_record
