{"contracts/FriendToken.sol":{"l":{"27":36,"28":36,"35":3,"36":1,"38":2,"39":2,"45":37},"path":"/home/akinwunmi/friendchain/friendchain-smartContract/contracts/contracts/FriendToken.sol","s":{"1":36,"2":3,"3":2,"4":2,"5":37},"b":{"1":[3,1],"2":[1,2]},"f":{"1":36,"2":3,"3":37},"fnMap":{"1":{"name":"constructor","line":25,"loc":{"start":{"line":23,"column":4},"end":{"line":29,"column":4}}},"2":{"name":"mint","line":34,"loc":{"start":{"line":34,"column":4},"end":{"line":40,"column":4}}},"3":{"name":"decimals","line":44,"loc":{"start":{"line":44,"column":4},"end":{"line":46,"column":4}}}},"statementMap":{"1":{"start":{"line":28,"column":8},"end":{"line":28,"column":49}},"2":{"start":{"line":35,"column":8},"end":{"line":35,"column":1306}},"3":{"start":{"line":38,"column":8},"end":{"line":38,"column":24}},"4":{"start":{"line":39,"column":8},"end":{"line":39,"column":29}},"5":{"start":{"line":45,"column":8},"end":{"line":45,"column":17}}},"branchMap":{"1":{"line":34,"type":"if","locations":[{"start":{"line":34,"column":53},"end":{"line":34,"column":53}},{"start":{"line":34,"column":53},"end":{"line":34,"column":53}}]},"2":{"line":35,"type":"if","locations":[{"start":{"line":35,"column":8},"end":{"line":35,"column":8}},{"start":{"line":35,"column":8},"end":{"line":35,"column":8}}]}}},"contracts/GameFactory.sol":{"l":{"69":26,"70":1,"72":25,"73":25,"74":25,"79":4,"84":3,"85":1,"87":2,"92":16,"93":1,"95":15,"96":15,"101":2,"102":1,"104":1,"105":1,"115":12,"116":1,"118":11,"119":2,"121":9,"122":2,"124":7,"125":1,"128":6,"129":6,"131":6,"132":6,"142":6,"144":0,"147":6,"148":6,"150":6,"160":6,"171":6,"176":2,"177":1,"179":1,"180":1,"181":1},"path":"/home/akinwunmi/friendchain/friendchain-smartContract/contracts/contracts/GameFactory.sol","s":{"1":26,"2":4,"3":3,"4":2,"5":16,"6":15,"7":2,"8":1,"9":12,"10":11,"11":9,"12":7,"13":6,"14":6,"15":6,"16":6,"17":6,"18":6,"19":6,"20":2,"21":1,"22":1},"b":{"1":[1,25],"2":[1,2],"3":[16,1],"4":[1,15],"5":[2,1],"6":[1,1],"7":[1,11],"8":[2,9],"9":[1,1],"10":[2,7],"11":[1,1],"12":[1,6],"13":[2,1],"14":[1,1]},"f":{"1":26,"2":4,"3":3,"4":16,"5":2,"6":12,"7":2},"fnMap":{"1":{"name":"constructor","line":68,"loc":{"start":{"line":63,"column":4},"end":{"line":75,"column":4}}},"2":{"name":"getGameInstances","line":78,"loc":{"start":{"line":78,"column":4},"end":{"line":80,"column":4}}},"3":{"name":"getGameDetails","line":83,"loc":{"start":{"line":83,"column":4},"end":{"line":88,"column":4}}},"4":{"name":"authorizeCreator","line":91,"loc":{"start":{"line":91,"column":4},"end":{"line":97,"column":4}}},"5":{"name":"revokeCreator","line":100,"loc":{"start":{"line":100,"column":4},"end":{"line":106,"column":4}}},"6":{"name":"createGameInstance","line":109,"loc":{"start":{"line":109,"column":4},"end":{"line":172,"column":4}}},"7":{"name":"updateTokenContract","line":175,"loc":{"start":{"line":175,"column":4},"end":{"line":182,"column":4}}}},"statementMap":{"1":{"start":{"line":69,"column":8},"end":{"line":69,"column":2095}},"2":{"start":{"line":79,"column":8},"end":{"line":79,"column":28}},"3":{"start":{"line":84,"column":8},"end":{"line":84,"column":2604}},"4":{"start":{"line":87,"column":8},"end":{"line":87,"column":43}},"5":{"start":{"line":92,"column":8},"end":{"line":92,"column":2862}},"6":{"start":{"line":96,"column":8},"end":{"line":96,"column":56}},"7":{"start":{"line":101,"column":8},"end":{"line":101,"column":3160}},"8":{"start":{"line":105,"column":8},"end":{"line":105,"column":53}},"9":{"start":{"line":115,"column":8},"end":{"line":115,"column":3574}},"10":{"start":{"line":118,"column":8},"end":{"line":118,"column":3673}},"11":{"start":{"line":121,"column":8},"end":{"line":121,"column":3793}},"12":{"start":{"line":124,"column":8},"end":{"line":124,"column":3917}},"13":{"start":{"line":128,"column":8},"end":{"line":128,"column":35}},"14":{"start":{"line":131,"column":8},"end":{"line":131,"column":33}},"15":{"start":{"line":132,"column":8},"end":{"line":132,"column":4104}},"16":{"start":{"line":147,"column":8},"end":{"line":147,"column":55}},"17":{"start":{"line":148,"column":8},"end":{"line":148,"column":42}},"18":{"start":{"line":160,"column":8},"end":{"line":160,"column":4897}},"19":{"start":{"line":171,"column":8},"end":{"line":171,"column":30}},"20":{"start":{"line":176,"column":8},"end":{"line":176,"column":5288}},"21":{"start":{"line":179,"column":8},"end":{"line":179,"column":46}},"22":{"start":{"line":181,"column":8},"end":{"line":181,"column":84}}},"branchMap":{"1":{"line":69,"type":"if","locations":[{"start":{"line":69,"column":8},"end":{"line":69,"column":8}},{"start":{"line":69,"column":8},"end":{"line":69,"column":8}}]},"2":{"line":84,"type":"if","locations":[{"start":{"line":84,"column":8},"end":{"line":84,"column":8}},{"start":{"line":84,"column":8},"end":{"line":84,"column":8}}]},"3":{"line":91,"type":"if","locations":[{"start":{"line":91,"column":56},"end":{"line":91,"column":56}},{"start":{"line":91,"column":56},"end":{"line":91,"column":56}}]},"4":{"line":92,"type":"if","locations":[{"start":{"line":92,"column":8},"end":{"line":92,"column":8}},{"start":{"line":92,"column":8},"end":{"line":92,"column":8}}]},"5":{"line":100,"type":"if","locations":[{"start":{"line":100,"column":53},"end":{"line":100,"column":53}},{"start":{"line":100,"column":53},"end":{"line":100,"column":53}}]},"6":{"line":101,"type":"if","locations":[{"start":{"line":101,"column":8},"end":{"line":101,"column":8}},{"start":{"line":101,"column":8},"end":{"line":101,"column":8}}]},"7":{"line":115,"type":"if","locations":[{"start":{"line":115,"column":8},"end":{"line":115,"column":8}},{"start":{"line":115,"column":8},"end":{"line":115,"column":8}}]},"8":{"line":118,"type":"if","locations":[{"start":{"line":118,"column":8},"end":{"line":118,"column":8}},{"start":{"line":118,"column":8},"end":{"line":118,"column":8}}]},"9":{"line":118,"type":"cond-expr","locations":[{"start":{"line":118,"column":12},"end":{"line":118,"column":34}},{"start":{"line":118,"column":39},"end":{"line":118,"column":61}}]},"10":{"line":121,"type":"if","locations":[{"start":{"line":121,"column":8},"end":{"line":121,"column":8}},{"start":{"line":121,"column":8},"end":{"line":121,"column":8}}]},"11":{"line":121,"type":"cond-expr","locations":[{"start":{"line":121,"column":12},"end":{"line":121,"column":36}},{"start":{"line":121,"column":41},"end":{"line":121,"column":65}}]},"12":{"line":124,"type":"if","locations":[{"start":{"line":124,"column":8},"end":{"line":124,"column":8}},{"start":{"line":124,"column":8},"end":{"line":124,"column":8}}]},"13":{"line":175,"type":"if","locations":[{"start":{"line":175,"column":67},"end":{"line":175,"column":67}},{"start":{"line":175,"column":67},"end":{"line":175,"column":67}}]},"14":{"line":176,"type":"if","locations":[{"start":{"line":176,"column":8},"end":{"line":176,"column":8}},{"start":{"line":176,"column":8},"end":{"line":176,"column":8}}]}}},"contracts/GameInstance.sol":{"l":{"24":6,"25":6,"26":6,"27":6,"28":6,"29":6,"30":6,"31":6},"path":"/home/akinwunmi/friendchain/friendchain-smartContract/contracts/contracts/GameInstance.sol","s":{},"b":{},"f":{"1":6},"fnMap":{"1":{"name":"constructor","line":14,"loc":{"start":{"line":14,"column":4},"end":{"line":32,"column":4}}}},"statementMap":{},"branchMap":{}}}